

Started GET "/" for ::1 at 2016-03-20 14:51:09 -0700
Processing by Rails::WelcomeController#index as HTML
  Rendered /usr/local/lib/ruby/gems/2.3.0/gems/railties-4.2.6/lib/rails/templates/rails/welcome/index.html.erb (2.4ms)
Completed 200 OK in 28ms (Views: 16.9ms | ActiveRecord: 0.0ms)


Started GET "/" for ::1 at 2016-03-20 14:51:22 -0700
Processing by Rails::WelcomeController#index as HTML
  Rendered /usr/local/lib/ruby/gems/2.3.0/gems/railties-4.2.6/lib/rails/templates/rails/welcome/index.html.erb (0.0ms)
Completed 200 OK in 2ms (Views: 1.8ms | ActiveRecord: 0.0ms)


Started GET "/recipes/index" for ::1 at 2016-03-20 14:59:00 -0700
Processing by RecipesController#index as HTML
Completed 500 Internal Server Error in 14ms (ActiveRecord: 0.0ms)

NameError (uninitialized constant Recipe::HTTParty):
  app/models/recipe.rb:2:in `<class:Recipe>'
  app/models/recipe.rb:1:in `<top (required)>'
  app/controllers/recipes_controller.rb:4:in `index'


  Rendered /usr/local/lib/ruby/gems/2.3.0/gems/actionpack-4.2.6/lib/action_dispatch/middleware/templates/rescues/_source.erb (4.8ms)
  Rendered /usr/local/lib/ruby/gems/2.3.0/gems/actionpack-4.2.6/lib/action_dispatch/middleware/templates/rescues/_trace.html.erb (2.5ms)
  Rendered /usr/local/lib/ruby/gems/2.3.0/gems/actionpack-4.2.6/lib/action_dispatch/middleware/templates/rescues/_request_and_response.html.erb (0.9ms)
  Rendered /usr/local/lib/ruby/gems/2.3.0/gems/actionpack-4.2.6/lib/action_dispatch/middleware/templates/rescues/diagnostics.html.erb within rescues/layout (72.3ms)
  Rendered /usr/local/lib/ruby/gems/2.3.0/gems/web-console-2.3.0/lib/web_console/templates/_markup.html.erb (0.6ms)
  Rendered /usr/local/lib/ruby/gems/2.3.0/gems/web-console-2.3.0/lib/web_console/templates/_inner_console_markup.html.erb within layouts/inlined_string (0.4ms)
  Rendered /usr/local/lib/ruby/gems/2.3.0/gems/web-console-2.3.0/lib/web_console/templates/_prompt_box_markup.html.erb within layouts/inlined_string (0.3ms)
  Rendered /usr/local/lib/ruby/gems/2.3.0/gems/web-console-2.3.0/lib/web_console/templates/style.css.erb within layouts/inlined_string (0.3ms)
  Rendered /usr/local/lib/ruby/gems/2.3.0/gems/web-console-2.3.0/lib/web_console/templates/console.js.erb within layouts/javascript (68.7ms)
  Rendered /usr/local/lib/ruby/gems/2.3.0/gems/web-console-2.3.0/lib/web_console/templates/main.js.erb within layouts/javascript (0.6ms)
  Rendered /usr/local/lib/ruby/gems/2.3.0/gems/web-console-2.3.0/lib/web_console/templates/error_page.js.erb within layouts/javascript (0.5ms)
  Rendered /usr/local/lib/ruby/gems/2.3.0/gems/web-console-2.3.0/lib/web_console/templates/index.html.erb (159.6ms)


Started GET "/recipes/index" for ::1 at 2016-03-20 15:44:30 -0700
Processing by RecipesController#index as HTML
Completed 500 Internal Server Error in 137ms (ActiveRecord: 0.0ms)

SocketError (Failed to open TCP connection to http:80 (getaddrinfo: nodename nor servname provided, or not known)):
  app/models/recipe.rb:12:in `for'
  app/controllers/recipes_controller.rb:4:in `index'


  Rendered /usr/local/lib/ruby/gems/2.3.0/gems/actionpack-4.2.6/lib/action_dispatch/middleware/templates/rescues/_source.erb (5.9ms)
  Rendered /usr/local/lib/ruby/gems/2.3.0/gems/actionpack-4.2.6/lib/action_dispatch/middleware/templates/rescues/_trace.html.erb (3.0ms)
  Rendered /usr/local/lib/ruby/gems/2.3.0/gems/actionpack-4.2.6/lib/action_dispatch/middleware/templates/rescues/_request_and_response.html.erb (1.0ms)
  Rendered /usr/local/lib/ruby/gems/2.3.0/gems/actionpack-4.2.6/lib/action_dispatch/middleware/templates/rescues/diagnostics.html.erb within rescues/layout (80.1ms)
  Rendered /usr/local/lib/ruby/gems/2.3.0/gems/web-console-2.3.0/lib/web_console/templates/_markup.html.erb (0.5ms)
  Rendered /usr/local/lib/ruby/gems/2.3.0/gems/web-console-2.3.0/lib/web_console/templates/_inner_console_markup.html.erb within layouts/inlined_string (0.3ms)
  Rendered /usr/local/lib/ruby/gems/2.3.0/gems/web-console-2.3.0/lib/web_console/templates/_prompt_box_markup.html.erb within layouts/inlined_string (0.3ms)
  Rendered /usr/local/lib/ruby/gems/2.3.0/gems/web-console-2.3.0/lib/web_console/templates/style.css.erb within layouts/inlined_string (0.4ms)
  Rendered /usr/local/lib/ruby/gems/2.3.0/gems/web-console-2.3.0/lib/web_console/templates/console.js.erb within layouts/javascript (71.9ms)
  Rendered /usr/local/lib/ruby/gems/2.3.0/gems/web-console-2.3.0/lib/web_console/templates/main.js.erb within layouts/javascript (0.5ms)
  Rendered /usr/local/lib/ruby/gems/2.3.0/gems/web-console-2.3.0/lib/web_console/templates/error_page.js.erb within layouts/javascript (0.8ms)
  Rendered /usr/local/lib/ruby/gems/2.3.0/gems/web-console-2.3.0/lib/web_console/templates/index.html.erb (156.8ms)


Started GET "/recipes/index" for ::1 at 2016-03-20 15:45:14 -0700
Processing by RecipesController#index as HTML
Completed 500 Internal Server Error in 5ms (ActiveRecord: 0.0ms)

SocketError (Failed to open TCP connection to http:80 (getaddrinfo: nodename nor servname provided, or not known)):
  app/models/recipe.rb:12:in `for'
  app/controllers/recipes_controller.rb:4:in `index'


  Rendered /usr/local/lib/ruby/gems/2.3.0/gems/actionpack-4.2.6/lib/action_dispatch/middleware/templates/rescues/_source.erb (6.2ms)
  Rendered /usr/local/lib/ruby/gems/2.3.0/gems/actionpack-4.2.6/lib/action_dispatch/middleware/templates/rescues/_trace.html.erb (2.5ms)
  Rendered /usr/local/lib/ruby/gems/2.3.0/gems/actionpack-4.2.6/lib/action_dispatch/middleware/templates/rescues/_request_and_response.html.erb (0.9ms)
  Rendered /usr/local/lib/ruby/gems/2.3.0/gems/actionpack-4.2.6/lib/action_dispatch/middleware/templates/rescues/diagnostics.html.erb within rescues/layout (63.4ms)
  Rendered /usr/local/lib/ruby/gems/2.3.0/gems/web-console-2.3.0/lib/web_console/templates/_markup.html.erb (0.4ms)
  Rendered /usr/local/lib/ruby/gems/2.3.0/gems/web-console-2.3.0/lib/web_console/templates/_inner_console_markup.html.erb within layouts/inlined_string (0.3ms)
  Rendered /usr/local/lib/ruby/gems/2.3.0/gems/web-console-2.3.0/lib/web_console/templates/_prompt_box_markup.html.erb within layouts/inlined_string (0.3ms)
  Rendered /usr/local/lib/ruby/gems/2.3.0/gems/web-console-2.3.0/lib/web_console/templates/style.css.erb within layouts/inlined_string (1.0ms)
  Rendered /usr/local/lib/ruby/gems/2.3.0/gems/web-console-2.3.0/lib/web_console/templates/console.js.erb within layouts/javascript (53.7ms)
  Rendered /usr/local/lib/ruby/gems/2.3.0/gems/web-console-2.3.0/lib/web_console/templates/main.js.erb within layouts/javascript (0.3ms)
  Rendered /usr/local/lib/ruby/gems/2.3.0/gems/web-console-2.3.0/lib/web_console/templates/error_page.js.erb within layouts/javascript (0.3ms)
  Rendered /usr/local/lib/ruby/gems/2.3.0/gems/web-console-2.3.0/lib/web_console/templates/index.html.erb (116.9ms)


Started GET "/recipes/index" for ::1 at 2016-03-20 15:49:01 -0700
Processing by RecipesController#index as HTML
Completed 500 Internal Server Error in 96ms (ActiveRecord: 0.0ms)

SocketError (Failed to open TCP connection to nil:80 (getaddrinfo: nodename nor servname provided, or not known)):
  app/models/recipe.rb:12:in `for'
  app/controllers/recipes_controller.rb:4:in `index'


  Rendered /usr/local/lib/ruby/gems/2.3.0/gems/actionpack-4.2.6/lib/action_dispatch/middleware/templates/rescues/_source.erb (7.0ms)
  Rendered /usr/local/lib/ruby/gems/2.3.0/gems/actionpack-4.2.6/lib/action_dispatch/middleware/templates/rescues/_trace.html.erb (3.6ms)
  Rendered /usr/local/lib/ruby/gems/2.3.0/gems/actionpack-4.2.6/lib/action_dispatch/middleware/templates/rescues/_request_and_response.html.erb (1.0ms)
  Rendered /usr/local/lib/ruby/gems/2.3.0/gems/actionpack-4.2.6/lib/action_dispatch/middleware/templates/rescues/diagnostics.html.erb within rescues/layout (78.7ms)
  Rendered /usr/local/lib/ruby/gems/2.3.0/gems/web-console-2.3.0/lib/web_console/templates/_markup.html.erb (0.5ms)
  Rendered /usr/local/lib/ruby/gems/2.3.0/gems/web-console-2.3.0/lib/web_console/templates/_inner_console_markup.html.erb within layouts/inlined_string (0.6ms)
  Rendered /usr/local/lib/ruby/gems/2.3.0/gems/web-console-2.3.0/lib/web_console/templates/_prompt_box_markup.html.erb within layouts/inlined_string (0.3ms)
  Rendered /usr/local/lib/ruby/gems/2.3.0/gems/web-console-2.3.0/lib/web_console/templates/style.css.erb within layouts/inlined_string (0.4ms)
  Rendered /usr/local/lib/ruby/gems/2.3.0/gems/web-console-2.3.0/lib/web_console/templates/console.js.erb within layouts/javascript (70.0ms)
  Rendered /usr/local/lib/ruby/gems/2.3.0/gems/web-console-2.3.0/lib/web_console/templates/main.js.erb within layouts/javascript (0.3ms)
  Rendered /usr/local/lib/ruby/gems/2.3.0/gems/web-console-2.3.0/lib/web_console/templates/error_page.js.erb within layouts/javascript (0.4ms)
  Rendered /usr/local/lib/ruby/gems/2.3.0/gems/web-console-2.3.0/lib/web_console/templates/index.html.erb (155.7ms)


Started GET "/recipes/index" for ::1 at 2016-03-20 15:50:13 -0700
Processing by RecipesController#index as HTML
  Rendered recipes/index.html.erb within layouts/application (3.6ms)
Completed 200 OK in 3146ms (Views: 1889.2ms | ActiveRecord: 0.0ms)


Started GET "/assets/recipes.self-e3b0c44298fc1c149afbf4c8996fb92427ae41e4649b934ca495991b7852b855.css?body=1" for ::1 at 2016-03-20 15:50:16 -0700


Started GET "/assets/application.self-e80e8f2318043e8af94dddc2adad5a4f09739a8ebb323b3ab31cd71d45fd9113.css?body=1" for ::1 at 2016-03-20 15:50:16 -0700


Started GET "/assets/jquery.self-660adc51e0224b731d29f575a6f1ec167ba08ad06ed5deca4f1e8654c135bf4c.js?body=1" for ::1 at 2016-03-20 15:50:16 -0700


Started GET "/assets/jquery_ujs.self-e87806d0cf4489aeb1bb7288016024e8de67fd18db693fe026fe3907581e53cd.js?body=1" for ::1 at 2016-03-20 15:50:16 -0700


Started GET "/assets/turbolinks.self-c37727e9bd6b2735da5c311aa83fead54ed0be6cc8bd9a65309e9c5abe2cbfff.js?body=1" for ::1 at 2016-03-20 15:50:16 -0700


Started GET "/assets/recipes.self-877aef30ae1b040ab8a3aba4e3e309a11d7f2612f44dde450b5c157aa5f95c05.js?body=1" for ::1 at 2016-03-20 15:50:16 -0700


Started GET "/assets/application.self-3b8dabdc891efe46b9a144b400ad69e37d7e5876bdc39dee783419a69d7ca819.js?body=1" for ::1 at 2016-03-20 15:50:17 -0700


Started GET "/recipes/index?search=swiss" for ::1 at 2016-03-20 15:51:58 -0700
Processing by RecipesController#index as HTML
  Parameters: {"search"=>"swiss"}
  Rendered recipes/index.html.erb within layouts/application (2.4ms)
Completed 200 OK in 1287ms (Views: 21.1ms | ActiveRecord: 0.0ms)


Started GET "/recipes/index?search=swiss" for ::1 at 2016-03-20 16:03:23 -0700
Processing by RecipesController#index as HTML
  Parameters: {"search"=>"swiss"}
  Rendered recipes/index.html.erb within layouts/application (2.7ms)
Completed 200 OK in 1359ms (Views: 20.8ms | ActiveRecord: 0.0ms)


Started GET "/recipes/index?search=swiss" for ::1 at 2016-03-20 16:13:59 -0700
Processing by RecipesController#index as HTML
  Parameters: {"search"=>"swiss"}
  Rendered recipes/index.html.erb within layouts/application (36.5ms)
Completed 200 OK in 1543ms (Views: 55.3ms | ActiveRecord: 0.0ms)


Started GET "/assets/recipes.self-e3b0c44298fc1c149afbf4c8996fb92427ae41e4649b934ca495991b7852b855.css?body=1" for ::1 at 2016-03-20 16:14:00 -0700


Started GET "/assets/application.self-e80e8f2318043e8af94dddc2adad5a4f09739a8ebb323b3ab31cd71d45fd9113.css?body=1" for ::1 at 2016-03-20 16:14:00 -0700


Started GET "/assets/jquery.self-660adc51e0224b731d29f575a6f1ec167ba08ad06ed5deca4f1e8654c135bf4c.js?body=1" for ::1 at 2016-03-20 16:14:00 -0700


Started GET "/assets/jquery_ujs.self-e87806d0cf4489aeb1bb7288016024e8de67fd18db693fe026fe3907581e53cd.js?body=1" for ::1 at 2016-03-20 16:14:00 -0700


Started GET "/assets/turbolinks.self-c37727e9bd6b2735da5c311aa83fead54ed0be6cc8bd9a65309e9c5abe2cbfff.js?body=1" for ::1 at 2016-03-20 16:14:00 -0700


Started GET "/assets/recipes.self-877aef30ae1b040ab8a3aba4e3e309a11d7f2612f44dde450b5c157aa5f95c05.js?body=1" for ::1 at 2016-03-20 16:14:00 -0700


Started GET "/assets/application.self-3b8dabdc891efe46b9a144b400ad69e37d7e5876bdc39dee783419a69d7ca819.js?body=1" for ::1 at 2016-03-20 16:14:00 -0700


Started GET "/recipes/index?search=swiss" for ::1 at 2016-03-20 16:15:18 -0700
Processing by RecipesController#index as HTML
  Parameters: {"search"=>"swiss"}
  Rendered recipes/index.html.erb within layouts/application (4.8ms)
Completed 200 OK in 1292ms (Views: 25.0ms | ActiveRecord: 0.0ms)


Started GET "/assets/recipes.self-e3b0c44298fc1c149afbf4c8996fb92427ae41e4649b934ca495991b7852b855.css?body=1" for ::1 at 2016-03-20 16:15:19 -0700


Started GET "/assets/application.self-e80e8f2318043e8af94dddc2adad5a4f09739a8ebb323b3ab31cd71d45fd9113.css?body=1" for ::1 at 2016-03-20 16:15:19 -0700


Started GET "/assets/jquery.self-660adc51e0224b731d29f575a6f1ec167ba08ad06ed5deca4f1e8654c135bf4c.js?body=1" for ::1 at 2016-03-20 16:15:19 -0700


Started GET "/assets/jquery_ujs.self-e87806d0cf4489aeb1bb7288016024e8de67fd18db693fe026fe3907581e53cd.js?body=1" for ::1 at 2016-03-20 16:15:19 -0700


Started GET "/assets/recipes.self-877aef30ae1b040ab8a3aba4e3e309a11d7f2612f44dde450b5c157aa5f95c05.js?body=1" for ::1 at 2016-03-20 16:15:19 -0700


Started GET "/assets/turbolinks.self-c37727e9bd6b2735da5c311aa83fead54ed0be6cc8bd9a65309e9c5abe2cbfff.js?body=1" for ::1 at 2016-03-20 16:15:19 -0700


Started GET "/assets/application.self-3b8dabdc891efe46b9a144b400ad69e37d7e5876bdc39dee783419a69d7ca819.js?body=1" for ::1 at 2016-03-20 16:15:19 -0700


Started GET "/recipes/index?search=swiss" for ::1 at 2016-03-20 16:16:45 -0700
Processing by RecipesController#index as HTML
  Parameters: {"search"=>"swiss"}
  Rendered recipes/index.html.erb within layouts/application (2.9ms)
Completed 200 OK in 1263ms (Views: 22.2ms | ActiveRecord: 0.0ms)


Started GET "/recipes/index?search=swiss" for ::1 at 2016-03-20 16:16:48 -0700
Processing by RecipesController#index as HTML
  Parameters: {"search"=>"swiss"}
  Rendered recipes/index.html.erb within layouts/application (1.8ms)
Completed 200 OK in 835ms (Views: 17.6ms | ActiveRecord: 0.0ms)


Started GET "/recipes/index?search=swiss" for ::1 at 2016-03-20 16:16:50 -0700
Processing by RecipesController#index as HTML
  Parameters: {"search"=>"swiss"}
  Rendered recipes/index.html.erb within layouts/application (1.4ms)
Completed 200 OK in 830ms (Views: 26.5ms | ActiveRecord: 0.0ms)


Started GET "/recipes/index?search=swiss" for ::1 at 2016-03-20 16:16:51 -0700
Processing by RecipesController#index as HTML
  Parameters: {"search"=>"swiss"}
  Rendered recipes/index.html.erb within layouts/application (2.4ms)
Completed 200 OK in 1518ms (Views: 21.9ms | ActiveRecord: 0.0ms)


Started GET "/recipes/index?search=swiss" for ::1 at 2016-03-20 16:17:11 -0700
Processing by RecipesController#index as HTML
  Parameters: {"search"=>"swiss"}
  Rendered recipes/index.html.erb within layouts/application (2.2ms)
Completed 200 OK in 1012ms (Views: 20.0ms | ActiveRecord: 0.0ms)


Started GET "/recipes/index?search=swiss" for ::1 at 2016-03-20 16:17:17 -0700
Processing by RecipesController#index as HTML
  Parameters: {"search"=>"swiss"}
  Rendered recipes/index.html.erb within layouts/application (1.4ms)
Completed 200 OK in 792ms (Views: 16.5ms | ActiveRecord: 0.0ms)


Started GET "/recipes/index?search=swiss" for ::1 at 2016-03-20 16:17:19 -0700
Processing by RecipesController#index as HTML
  Parameters: {"search"=>"swiss"}
  Rendered recipes/index.html.erb within layouts/application (1.5ms)
Completed 200 OK in 922ms (Views: 19.7ms | ActiveRecord: 0.0ms)


Started GET "/recipes/index?search=swiss" for ::1 at 2016-03-20 16:17:20 -0700
Processing by RecipesController#index as HTML
  Parameters: {"search"=>"swiss"}
  Rendered recipes/index.html.erb within layouts/application (1.3ms)
Completed 200 OK in 784ms (Views: 16.4ms | ActiveRecord: 0.0ms)


Started GET "/recipes/index?search=swiss" for ::1 at 2016-03-20 16:17:22 -0700
Processing by RecipesController#index as HTML
  Parameters: {"search"=>"swiss"}
  Rendered recipes/index.html.erb within layouts/application (1.4ms)
Completed 200 OK in 855ms (Views: 17.9ms | ActiveRecord: 0.0ms)


Started GET "/recipes/index?search=swiss" for ::1 at 2016-03-20 16:17:39 -0700
Processing by RecipesController#index as HTML
  Parameters: {"search"=>"swiss"}
  Rendered recipes/index.html.erb within layouts/application (2.6ms)
Completed 200 OK in 881ms (Views: 21.2ms | ActiveRecord: 0.0ms)


Started GET "/assets/recipes.self-e3b0c44298fc1c149afbf4c8996fb92427ae41e4649b934ca495991b7852b855.css?body=1" for ::1 at 2016-03-20 16:17:40 -0700


Started GET "/assets/jquery_ujs.self-e87806d0cf4489aeb1bb7288016024e8de67fd18db693fe026fe3907581e53cd.js?body=1" for ::1 at 2016-03-20 16:17:40 -0700


Started GET "/assets/jquery.self-660adc51e0224b731d29f575a6f1ec167ba08ad06ed5deca4f1e8654c135bf4c.js?body=1" for ::1 at 2016-03-20 16:17:40 -0700


Started GET "/assets/application.self-e80e8f2318043e8af94dddc2adad5a4f09739a8ebb323b3ab31cd71d45fd9113.css?body=1" for ::1 at 2016-03-20 16:17:40 -0700


Started GET "/assets/turbolinks.self-c37727e9bd6b2735da5c311aa83fead54ed0be6cc8bd9a65309e9c5abe2cbfff.js?body=1" for ::1 at 2016-03-20 16:17:40 -0700


Started GET "/assets/recipes.self-877aef30ae1b040ab8a3aba4e3e309a11d7f2612f44dde450b5c157aa5f95c05.js?body=1" for ::1 at 2016-03-20 16:17:40 -0700


Started GET "/assets/application.self-3b8dabdc891efe46b9a144b400ad69e37d7e5876bdc39dee783419a69d7ca819.js?body=1" for ::1 at 2016-03-20 16:17:40 -0700


Started GET "/recipes/index?search=swiss" for ::1 at 2016-03-20 16:20:09 -0700
Processing by RecipesController#index as HTML
  Parameters: {"search"=>"swiss"}
  Rendered recipes/index.html.erb within layouts/application (3.5ms)
Completed 200 OK in 1278ms (Views: 18.9ms | ActiveRecord: 0.0ms)


Started GET "/recipes/index?search=swiss" for ::1 at 2016-03-20 16:23:12 -0700
Processing by RecipesController#index as HTML
  Parameters: {"search"=>"swiss"}
  Rendered recipes/index.html.erb within layouts/application (5.3ms)
Completed 200 OK in 1690ms (Views: 30.0ms | ActiveRecord: 0.0ms)


Started GET "/recipes/index?search=mocha" for ::1 at 2016-03-20 16:23:57 -0700
Processing by RecipesController#index as HTML
  Parameters: {"search"=>"mocha"}
  Rendered recipes/index.html.erb within layouts/application (5.0ms)
Completed 200 OK in 1004ms (Views: 21.7ms | ActiveRecord: 0.0ms)


Started GET "/recipes/index?search=mocha" for ::1 at 2016-03-20 16:26:37 -0700
Processing by RecipesController#index as HTML
  Parameters: {"search"=>"mocha"}
  Rendered recipes/index.html.erb within layouts/application (4.7ms)
Completed 200 OK in 1434ms (Views: 22.1ms | ActiveRecord: 0.0ms)


Started GET "/recipes/index?search=mocha" for ::1 at 2016-03-20 16:28:01 -0700
Processing by RecipesController#index as HTML
  Parameters: {"search"=>"mocha"}
  Rendered recipes/index.html.erb within layouts/application (3.6ms)
Completed 200 OK in 1554ms (Views: 21.0ms | ActiveRecord: 0.0ms)


Started GET "/recipes/index?search=mocha" for ::1 at 2016-03-20 16:29:50 -0700
Processing by RecipesController#index as HTML
  Parameters: {"search"=>"mocha"}
  Rendered recipes/index.html.erb within layouts/application (3.7ms)
Completed 200 OK in 1527ms (Views: 21.2ms | ActiveRecord: 0.0ms)


Started GET "/assets/recipes.self-e3b0c44298fc1c149afbf4c8996fb92427ae41e4649b934ca495991b7852b855.css?body=1" for ::1 at 2016-03-20 16:29:51 -0700


Started GET "/assets/application.self-e80e8f2318043e8af94dddc2adad5a4f09739a8ebb323b3ab31cd71d45fd9113.css?body=1" for ::1 at 2016-03-20 16:29:51 -0700


Started GET "/assets/jquery_ujs.self-e87806d0cf4489aeb1bb7288016024e8de67fd18db693fe026fe3907581e53cd.js?body=1" for ::1 at 2016-03-20 16:29:51 -0700


Started GET "/assets/jquery.self-660adc51e0224b731d29f575a6f1ec167ba08ad06ed5deca4f1e8654c135bf4c.js?body=1" for ::1 at 2016-03-20 16:29:51 -0700


Started GET "/assets/application.self-3b8dabdc891efe46b9a144b400ad69e37d7e5876bdc39dee783419a69d7ca819.js?body=1" for ::1 at 2016-03-20 16:29:51 -0700


Started GET "/assets/turbolinks.self-c37727e9bd6b2735da5c311aa83fead54ed0be6cc8bd9a65309e9c5abe2cbfff.js?body=1" for ::1 at 2016-03-20 16:29:51 -0700


Started GET "/assets/recipes.self-877aef30ae1b040ab8a3aba4e3e309a11d7f2612f44dde450b5c157aa5f95c05.js?body=1" for ::1 at 2016-03-20 16:29:51 -0700


Started GET "/recipes/index?search=mocha" for ::1 at 2016-03-20 16:30:17 -0700
Processing by RecipesController#index as HTML
  Parameters: {"search"=>"mocha"}
  Rendered recipes/index.html.erb within layouts/application (3.6ms)
Completed 200 OK in 1077ms (Views: 21.6ms | ActiveRecord: 0.0ms)


Started GET "/recipes/index?search=mocha" for ::1 at 2016-03-20 16:32:03 -0700
Processing by RecipesController#index as HTML
  Parameters: {"search"=>"mocha"}
  Rendered recipes/index.html.erb within layouts/application (3.2ms)
Completed 200 OK in 1701ms (Views: 26.9ms | ActiveRecord: 0.0ms)


Started GET "/recipes/index?search=mocha" for ::1 at 2016-03-20 16:32:22 -0700
Processing by RecipesController#index as HTML
  Parameters: {"search"=>"mocha"}
  Rendered recipes/index.html.erb within layouts/application (3.3ms)
Completed 200 OK in 1064ms (Views: 19.7ms | ActiveRecord: 0.0ms)


Started GET "/" for ::1 at 2016-03-20 16:33:04 -0700
Processing by RecipesController#index as HTML
  Rendered recipes/index.html.erb within layouts/application (8.0ms)
Completed 200 OK in 1039ms (Views: 25.5ms | ActiveRecord: 0.0ms)


Started GET "/?search=mocha" for ::1 at 2016-03-20 17:00:17 -0700
Processing by RecipesController#index as HTML
  Parameters: {"search"=>"mocha"}
  Rendered recipes/index.html.erb within layouts/application (2.5ms)
Completed 200 OK in 2044ms (Views: 158.3ms | ActiveRecord: 0.0ms)


Started GET "/assets/recipes.self-e3b0c44298fc1c149afbf4c8996fb92427ae41e4649b934ca495991b7852b855.css?body=1" for ::1 at 2016-03-20 17:00:19 -0700


Started GET "/assets/scaffolds.self-37c01afff660945aa8608c6e44dc7a47b7c3a4a98e9a69daa362c93bb64ac00b.css?body=1" for ::1 at 2016-03-20 17:00:19 -0700


Started GET "/assets/recipes.self-877aef30ae1b040ab8a3aba4e3e309a11d7f2612f44dde450b5c157aa5f95c05.js?body=1" for ::1 at 2016-03-20 17:00:19 -0700


Started GET "/assets/jquery_ujs.self-e87806d0cf4489aeb1bb7288016024e8de67fd18db693fe026fe3907581e53cd.js?body=1" for ::1 at 2016-03-20 17:00:19 -0700


Started GET "/assets/jquery.self-660adc51e0224b731d29f575a6f1ec167ba08ad06ed5deca4f1e8654c135bf4c.js?body=1" for ::1 at 2016-03-20 17:00:19 -0700


Started GET "/assets/application.self-e80e8f2318043e8af94dddc2adad5a4f09739a8ebb323b3ab31cd71d45fd9113.css?body=1" for ::1 at 2016-03-20 17:00:19 -0700


Started GET "/assets/turbolinks.self-c37727e9bd6b2735da5c311aa83fead54ed0be6cc8bd9a65309e9c5abe2cbfff.js?body=1" for ::1 at 2016-03-20 17:00:19 -0700


Started GET "/assets/application.self-3b8dabdc891efe46b9a144b400ad69e37d7e5876bdc39dee783419a69d7ca819.js?body=1" for ::1 at 2016-03-20 17:00:19 -0700


Started GET "/" for ::1 at 2016-03-20 17:00:21 -0700
Processing by RecipesController#index as HTML
  Rendered recipes/index.html.erb within layouts/application (2.5ms)
Completed 200 OK in 723ms (Views: 27.7ms | ActiveRecord: 0.0ms)


Started GET "/" for ::1 at 2016-03-20 17:00:23 -0700
Processing by RecipesController#index as HTML
  Rendered recipes/index.html.erb within layouts/application (3.0ms)
Completed 200 OK in 718ms (Views: 20.8ms | ActiveRecord: 0.0ms)


Started GET "/" for ::1 at 2016-03-20 17:00:23 -0700
Processing by RecipesController#index as HTML
  Rendered recipes/index.html.erb within layouts/application (2.3ms)
Completed 200 OK in 712ms (Views: 18.6ms | ActiveRecord: 0.0ms)


Started GET "/" for ::1 at 2016-03-20 17:00:24 -0700
Processing by RecipesController#index as HTML
  Rendered recipes/index.html.erb within layouts/application (3.1ms)
Completed 200 OK in 858ms (Views: 19.2ms | ActiveRecord: 0.0ms)


Started GET "/" for ::1 at 2016-03-20 17:00:25 -0700
Processing by RecipesController#index as HTML
  Rendered recipes/index.html.erb within layouts/application (2.8ms)
Completed 200 OK in 959ms (Views: 20.0ms | ActiveRecord: 0.0ms)


Started GET "/" for ::1 at 2016-03-20 17:36:56 -0700
Processing by RecipesController#index as HTML
  Rendered recipes/index.html.erb within layouts/application (12.1ms)
Completed 500 Internal Server Error in 1198ms (ActiveRecord: 0.0ms)

ActionView::Template::Error (First argument in form cannot contain nil or be empty):
    1: <!--# Written by Kevin Jesse for Coursera.org-->
    2: 
    3: <h1>Searching for - <%= @search_term %></h1>
    4: <%= form_for @article, url: {action: "create"}, html: {class: "nifty_form"} do |f| %>
    5:     <%= f.text_field :title %>
    6:     <%= f.text_area :body, size: "60x12" %>
    7:     <%= f.submit "Create" %>
  app/views/recipes/index.html.erb:4:in `_app_views_recipes_index_html_erb__893615467734449534_70292440132200'


  Rendered /usr/local/lib/ruby/gems/2.3.0/gems/actionpack-4.2.6/lib/action_dispatch/middleware/templates/rescues/_source.erb (9.1ms)
  Rendered /usr/local/lib/ruby/gems/2.3.0/gems/actionpack-4.2.6/lib/action_dispatch/middleware/templates/rescues/_trace.html.erb (3.1ms)
  Rendered /usr/local/lib/ruby/gems/2.3.0/gems/actionpack-4.2.6/lib/action_dispatch/middleware/templates/rescues/_request_and_response.html.erb (1.1ms)
  Rendered /usr/local/lib/ruby/gems/2.3.0/gems/actionpack-4.2.6/lib/action_dispatch/middleware/templates/rescues/template_error.html.erb within rescues/layout (70.8ms)
  Rendered /usr/local/lib/ruby/gems/2.3.0/gems/web-console-2.3.0/lib/web_console/templates/_markup.html.erb (0.4ms)
  Rendered /usr/local/lib/ruby/gems/2.3.0/gems/web-console-2.3.0/lib/web_console/templates/_inner_console_markup.html.erb within layouts/inlined_string (0.4ms)
  Rendered /usr/local/lib/ruby/gems/2.3.0/gems/web-console-2.3.0/lib/web_console/templates/_prompt_box_markup.html.erb within layouts/inlined_string (0.3ms)
  Rendered /usr/local/lib/ruby/gems/2.3.0/gems/web-console-2.3.0/lib/web_console/templates/style.css.erb within layouts/inlined_string (0.5ms)
  Rendered /usr/local/lib/ruby/gems/2.3.0/gems/web-console-2.3.0/lib/web_console/templates/console.js.erb within layouts/javascript (74.2ms)
  Rendered /usr/local/lib/ruby/gems/2.3.0/gems/web-console-2.3.0/lib/web_console/templates/main.js.erb within layouts/javascript (0.3ms)
  Rendered /usr/local/lib/ruby/gems/2.3.0/gems/web-console-2.3.0/lib/web_console/templates/error_page.js.erb within layouts/javascript (0.5ms)
  Rendered /usr/local/lib/ruby/gems/2.3.0/gems/web-console-2.3.0/lib/web_console/templates/index.html.erb (170.8ms)


Started GET "/" for ::1 at 2016-03-20 17:37:57 -0700
Processing by RecipesController#index as HTML
  Rendered recipes/index.html.erb within layouts/application (3.6ms)
Completed 500 Internal Server Error in 1191ms (ActiveRecord: 0.0ms)

ActionView::Template::Error (First argument in form cannot contain nil or be empty):
    1: <!--# Written by Kevin Jesse for Coursera.org-->
    2: 
    3: <h1>Searching for - <%= @search_term %></h1>
    4: <%= form_for @index, url: {action: "create"}, html: {class: "nifty_form"} do |f| %>
    5:     <%= f.text_field :title %>
    6:     <%= f.text_area :body, size: "60x12" %>
    7:     <%= f.submit "Create" %>
  app/views/recipes/index.html.erb:4:in `_app_views_recipes_index_html_erb__893615467734449534_70292401182600'


  Rendered /usr/local/lib/ruby/gems/2.3.0/gems/actionpack-4.2.6/lib/action_dispatch/middleware/templates/rescues/_source.erb (7.0ms)
  Rendered /usr/local/lib/ruby/gems/2.3.0/gems/actionpack-4.2.6/lib/action_dispatch/middleware/templates/rescues/_trace.html.erb (2.7ms)
  Rendered /usr/local/lib/ruby/gems/2.3.0/gems/actionpack-4.2.6/lib/action_dispatch/middleware/templates/rescues/_request_and_response.html.erb (0.8ms)
  Rendered /usr/local/lib/ruby/gems/2.3.0/gems/actionpack-4.2.6/lib/action_dispatch/middleware/templates/rescues/template_error.html.erb within rescues/layout (73.3ms)
  Rendered /usr/local/lib/ruby/gems/2.3.0/gems/web-console-2.3.0/lib/web_console/templates/_markup.html.erb (0.4ms)
  Rendered /usr/local/lib/ruby/gems/2.3.0/gems/web-console-2.3.0/lib/web_console/templates/_inner_console_markup.html.erb within layouts/inlined_string (0.4ms)
  Rendered /usr/local/lib/ruby/gems/2.3.0/gems/web-console-2.3.0/lib/web_console/templates/_prompt_box_markup.html.erb within layouts/inlined_string (0.2ms)
  Rendered /usr/local/lib/ruby/gems/2.3.0/gems/web-console-2.3.0/lib/web_console/templates/style.css.erb within layouts/inlined_string (0.3ms)
  Rendered /usr/local/lib/ruby/gems/2.3.0/gems/web-console-2.3.0/lib/web_console/templates/console.js.erb within layouts/javascript (50.0ms)
  Rendered /usr/local/lib/ruby/gems/2.3.0/gems/web-console-2.3.0/lib/web_console/templates/main.js.erb within layouts/javascript (0.3ms)
  Rendered /usr/local/lib/ruby/gems/2.3.0/gems/web-console-2.3.0/lib/web_console/templates/error_page.js.erb within layouts/javascript (0.3ms)
  Rendered /usr/local/lib/ruby/gems/2.3.0/gems/web-console-2.3.0/lib/web_console/templates/index.html.erb (116.5ms)


Started GET "/" for ::1 at 2016-03-20 17:39:28 -0700
Processing by RecipesController#index as HTML
  Rendered recipes/index.html.erb within layouts/application (3.1ms)
Completed 200 OK in 1295ms (Views: 30.7ms | ActiveRecord: 0.0ms)


Started GET "/assets/recipes.self-e3b0c44298fc1c149afbf4c8996fb92427ae41e4649b934ca495991b7852b855.css?body=1" for ::1 at 2016-03-20 17:39:29 -0700


Started GET "/assets/application.self-e80e8f2318043e8af94dddc2adad5a4f09739a8ebb323b3ab31cd71d45fd9113.css?body=1" for ::1 at 2016-03-20 17:39:29 -0700


Started GET "/assets/scaffolds.self-37c01afff660945aa8608c6e44dc7a47b7c3a4a98e9a69daa362c93bb64ac00b.css?body=1" for ::1 at 2016-03-20 17:39:29 -0700


Started GET "/assets/recipes.self-877aef30ae1b040ab8a3aba4e3e309a11d7f2612f44dde450b5c157aa5f95c05.js?body=1" for ::1 at 2016-03-20 17:39:29 -0700


Started GET "/assets/jquery_ujs.self-e87806d0cf4489aeb1bb7288016024e8de67fd18db693fe026fe3907581e53cd.js?body=1" for ::1 at 2016-03-20 17:39:29 -0700


Started GET "/assets/jquery.self-660adc51e0224b731d29f575a6f1ec167ba08ad06ed5deca4f1e8654c135bf4c.js?body=1" for ::1 at 2016-03-20 17:39:29 -0700


Started GET "/assets/turbolinks.self-c37727e9bd6b2735da5c311aa83fead54ed0be6cc8bd9a65309e9c5abe2cbfff.js?body=1" for ::1 at 2016-03-20 17:39:29 -0700


Started GET "/assets/application.self-3b8dabdc891efe46b9a144b400ad69e37d7e5876bdc39dee783419a69d7ca819.js?body=1" for ::1 at 2016-03-20 17:39:29 -0700


Started GET "/" for ::1 at 2016-03-20 17:39:39 -0700
Processing by RecipesController#index as HTML
  Rendered recipes/index.html.erb within layouts/application (3.6ms)
Completed 200 OK in 862ms (Views: 23.3ms | ActiveRecord: 0.0ms)


Started GET "/" for ::1 at 2016-03-20 17:42:35 -0700
Processing by RecipesController#index as HTML
  Rendered recipes/index.html.erb within layouts/application (1.6ms)
Completed 500 Internal Server Error in 1228ms (ActiveRecord: 0.0ms)

SyntaxError (/Users/kevinjesse/RubymineProjects/Asg2/recipefinder/app/views/recipes/index.html.erb:3: syntax error, unexpected tSTRING_BEG, expecting keyword_do or '{' or '('
..._field_tag 'name', submit_tag "Search");@output_buffer.safe_...
...                               ^):
  app/views/recipes/index.html.erb:3: syntax error, unexpected tSTRING_BEG, expecting keyword_do or '{' or '('


  Rendered /usr/local/lib/ruby/gems/2.3.0/gems/actionpack-4.2.6/lib/action_dispatch/middleware/templates/rescues/_source.erb (7.2ms)
  Rendered /usr/local/lib/ruby/gems/2.3.0/gems/actionpack-4.2.6/lib/action_dispatch/middleware/templates/rescues/_trace.html.erb (2.9ms)
  Rendered /usr/local/lib/ruby/gems/2.3.0/gems/actionpack-4.2.6/lib/action_dispatch/middleware/templates/rescues/_request_and_response.html.erb (0.8ms)
  Rendered /usr/local/lib/ruby/gems/2.3.0/gems/actionpack-4.2.6/lib/action_dispatch/middleware/templates/rescues/diagnostics.html.erb within rescues/layout (60.1ms)
  Rendered /usr/local/lib/ruby/gems/2.3.0/gems/web-console-2.3.0/lib/web_console/templates/_markup.html.erb (0.3ms)
  Rendered /usr/local/lib/ruby/gems/2.3.0/gems/web-console-2.3.0/lib/web_console/templates/_inner_console_markup.html.erb within layouts/inlined_string (0.4ms)
  Rendered /usr/local/lib/ruby/gems/2.3.0/gems/web-console-2.3.0/lib/web_console/templates/_prompt_box_markup.html.erb within layouts/inlined_string (0.2ms)
  Rendered /usr/local/lib/ruby/gems/2.3.0/gems/web-console-2.3.0/lib/web_console/templates/style.css.erb within layouts/inlined_string (0.3ms)
  Rendered /usr/local/lib/ruby/gems/2.3.0/gems/web-console-2.3.0/lib/web_console/templates/console.js.erb within layouts/javascript (54.0ms)
  Rendered /usr/local/lib/ruby/gems/2.3.0/gems/web-console-2.3.0/lib/web_console/templates/main.js.erb within layouts/javascript (0.2ms)
  Rendered /usr/local/lib/ruby/gems/2.3.0/gems/web-console-2.3.0/lib/web_console/templates/error_page.js.erb within layouts/javascript (0.4ms)
  Rendered /usr/local/lib/ruby/gems/2.3.0/gems/web-console-2.3.0/lib/web_console/templates/index.html.erb (115.8ms)


Started GET "/" for ::1 at 2016-03-20 17:42:49 -0700
Processing by RecipesController#index as HTML
  Rendered recipes/index.html.erb within layouts/application (3.4ms)
Completed 200 OK in 1013ms (Views: 27.8ms | ActiveRecord: 0.0ms)


Started GET "/" for ::1 at 2016-03-20 17:43:56 -0700
Processing by RecipesController#index as HTML
  Rendered recipes/index.html.erb within layouts/application (3.9ms)
Completed 200 OK in 1752ms (Views: 23.6ms | ActiveRecord: 0.0ms)


Started GET "/" for ::1 at 2016-03-20 17:46:34 -0700
Processing by RecipesController#index as HTML
  Rendered recipes/index.html.erb within layouts/application (10.3ms)
Completed 500 Internal Server Error in 1123ms (ActiveRecord: 0.0ms)

ActionView::Template::Error (undefined method `stringify_keys' for "/":String):
    1: <!--# Written by Kevin Jesse for Coursera.org-->
    2: 
    3: <h1>Search for recipes with <%=search_field_tag 'name'%> <%=link_to(submit_tag "Search", root_path) %>
    4: 
    5:  </h1>
    6: <h4>Currently showing for  <%= @search_term %></h4>
  app/views/recipes/index.html.erb:3:in `_app_views_recipes_index_html_erb__893615467734449534_70292403833300'


  Rendered /usr/local/lib/ruby/gems/2.3.0/gems/actionpack-4.2.6/lib/action_dispatch/middleware/templates/rescues/_source.erb (12.0ms)
  Rendered /usr/local/lib/ruby/gems/2.3.0/gems/actionpack-4.2.6/lib/action_dispatch/middleware/templates/rescues/_trace.html.erb (3.6ms)
  Rendered /usr/local/lib/ruby/gems/2.3.0/gems/actionpack-4.2.6/lib/action_dispatch/middleware/templates/rescues/_request_and_response.html.erb (0.9ms)
  Rendered /usr/local/lib/ruby/gems/2.3.0/gems/actionpack-4.2.6/lib/action_dispatch/middleware/templates/rescues/template_error.html.erb within rescues/layout (83.7ms)
  Rendered /usr/local/lib/ruby/gems/2.3.0/gems/web-console-2.3.0/lib/web_console/templates/_markup.html.erb (0.3ms)
  Rendered /usr/local/lib/ruby/gems/2.3.0/gems/web-console-2.3.0/lib/web_console/templates/_inner_console_markup.html.erb within layouts/inlined_string (0.3ms)
  Rendered /usr/local/lib/ruby/gems/2.3.0/gems/web-console-2.3.0/lib/web_console/templates/_prompt_box_markup.html.erb within layouts/inlined_string (0.4ms)
  Rendered /usr/local/lib/ruby/gems/2.3.0/gems/web-console-2.3.0/lib/web_console/templates/style.css.erb within layouts/inlined_string (0.4ms)
  Rendered /usr/local/lib/ruby/gems/2.3.0/gems/web-console-2.3.0/lib/web_console/templates/console.js.erb within layouts/javascript (60.9ms)
  Rendered /usr/local/lib/ruby/gems/2.3.0/gems/web-console-2.3.0/lib/web_console/templates/main.js.erb within layouts/javascript (0.2ms)
  Rendered /usr/local/lib/ruby/gems/2.3.0/gems/web-console-2.3.0/lib/web_console/templates/error_page.js.erb within layouts/javascript (0.5ms)
  Rendered /usr/local/lib/ruby/gems/2.3.0/gems/web-console-2.3.0/lib/web_console/templates/index.html.erb (134.7ms)


Started GET "/" for ::1 at 2016-03-20 17:46:48 -0700
Processing by RecipesController#index as HTML
  Rendered recipes/index.html.erb within layouts/application (4.6ms)
Completed 200 OK in 1112ms (Views: 23.8ms | ActiveRecord: 0.0ms)


Started GET "/assets/recipes.self-e3b0c44298fc1c149afbf4c8996fb92427ae41e4649b934ca495991b7852b855.css?body=1" for ::1 at 2016-03-20 17:46:50 -0700


Started GET "/assets/scaffolds.self-37c01afff660945aa8608c6e44dc7a47b7c3a4a98e9a69daa362c93bb64ac00b.css?body=1" for ::1 at 2016-03-20 17:46:50 -0700


Started GET "/assets/jquery.self-660adc51e0224b731d29f575a6f1ec167ba08ad06ed5deca4f1e8654c135bf4c.js?body=1" for ::1 at 2016-03-20 17:46:50 -0700


Started GET "/assets/jquery_ujs.self-e87806d0cf4489aeb1bb7288016024e8de67fd18db693fe026fe3907581e53cd.js?body=1" for ::1 at 2016-03-20 17:46:50 -0700


Started GET "/assets/application.self-e80e8f2318043e8af94dddc2adad5a4f09739a8ebb323b3ab31cd71d45fd9113.css?body=1" for ::1 at 2016-03-20 17:46:50 -0700


Started GET "/assets/turbolinks.self-c37727e9bd6b2735da5c311aa83fead54ed0be6cc8bd9a65309e9c5abe2cbfff.js?body=1" for ::1 at 2016-03-20 17:46:50 -0700


Started GET "/assets/recipes.self-877aef30ae1b040ab8a3aba4e3e309a11d7f2612f44dde450b5c157aa5f95c05.js?body=1" for ::1 at 2016-03-20 17:46:50 -0700


Started GET "/assets/application.self-3b8dabdc891efe46b9a144b400ad69e37d7e5876bdc39dee783419a69d7ca819.js?body=1" for ::1 at 2016-03-20 17:46:50 -0700


Started GET "/" for ::1 at 2016-03-20 17:47:05 -0700
Processing by RecipesController#index as HTML
  Rendered recipes/index.html.erb within layouts/application (3.5ms)
Completed 200 OK in 865ms (Views: 29.8ms | ActiveRecord: 0.0ms)


Started GET "/" for ::1 at 2016-03-20 17:49:34 -0700
Processing by RecipesController#index as HTML
  Rendered recipes/index.html.erb within layouts/application (3.2ms)
Completed 200 OK in 1574ms (Views: 18.8ms | ActiveRecord: 0.0ms)


Started POST "/" for ::1 at 2016-03-20 17:49:38 -0700

ActionController::RoutingError (No route matches [POST] "/"):
  actionpack (4.2.6) lib/action_dispatch/middleware/debug_exceptions.rb:21:in `call'
  web-console (2.3.0) lib/web_console/middleware.rb:28:in `block in call'
  web-console (2.3.0) lib/web_console/middleware.rb:18:in `catch'
  web-console (2.3.0) lib/web_console/middleware.rb:18:in `call'
  actionpack (4.2.6) lib/action_dispatch/middleware/show_exceptions.rb:30:in `call'
  railties (4.2.6) lib/rails/rack/logger.rb:38:in `call_app'
  railties (4.2.6) lib/rails/rack/logger.rb:20:in `block in call'
  activesupport (4.2.6) lib/active_support/tagged_logging.rb:68:in `block in tagged'
  activesupport (4.2.6) lib/active_support/tagged_logging.rb:26:in `tagged'
  activesupport (4.2.6) lib/active_support/tagged_logging.rb:68:in `tagged'
  railties (4.2.6) lib/rails/rack/logger.rb:20:in `call'
  actionpack (4.2.6) lib/action_dispatch/middleware/request_id.rb:21:in `call'
  rack (1.6.4) lib/rack/methodoverride.rb:22:in `call'
  rack (1.6.4) lib/rack/runtime.rb:18:in `call'
  activesupport (4.2.6) lib/active_support/cache/strategy/local_cache_middleware.rb:28:in `call'
  rack (1.6.4) lib/rack/lock.rb:17:in `call'
  actionpack (4.2.6) lib/action_dispatch/middleware/static.rb:120:in `call'
  rack (1.6.4) lib/rack/sendfile.rb:113:in `call'
  railties (4.2.6) lib/rails/engine.rb:518:in `call'
  railties (4.2.6) lib/rails/application.rb:165:in `call'
  rack (1.6.4) lib/rack/lock.rb:17:in `call'
  rack (1.6.4) lib/rack/content_length.rb:15:in `call'
  rack (1.6.4) lib/rack/handler/webrick.rb:88:in `service'
  /usr/local/Cellar/ruby/2.3.0/lib/ruby/2.3.0/webrick/httpserver.rb:140:in `service'
  /usr/local/Cellar/ruby/2.3.0/lib/ruby/2.3.0/webrick/httpserver.rb:96:in `run'
  /usr/local/Cellar/ruby/2.3.0/lib/ruby/2.3.0/webrick/server.rb:296:in `block in start_thread'


  Rendered /usr/local/lib/ruby/gems/2.3.0/gems/actionpack-4.2.6/lib/action_dispatch/middleware/templates/rescues/_trace.html.erb (1.4ms)
  Rendered /usr/local/lib/ruby/gems/2.3.0/gems/actionpack-4.2.6/lib/action_dispatch/middleware/templates/routes/_route.html.erb (1.9ms)
  Rendered /usr/local/lib/ruby/gems/2.3.0/gems/actionpack-4.2.6/lib/action_dispatch/middleware/templates/routes/_table.html.erb (14.2ms)
  Rendered /usr/local/lib/ruby/gems/2.3.0/gems/actionpack-4.2.6/lib/action_dispatch/middleware/templates/rescues/_request_and_response.html.erb (1.2ms)
  Rendered /usr/local/lib/ruby/gems/2.3.0/gems/actionpack-4.2.6/lib/action_dispatch/middleware/templates/rescues/routing_error.html.erb within rescues/layout (102.2ms)
  Rendered /usr/local/lib/ruby/gems/2.3.0/gems/web-console-2.3.0/lib/web_console/templates/_markup.html.erb (0.3ms)
  Rendered /usr/local/lib/ruby/gems/2.3.0/gems/web-console-2.3.0/lib/web_console/templates/_inner_console_markup.html.erb within layouts/inlined_string (0.4ms)
  Rendered /usr/local/lib/ruby/gems/2.3.0/gems/web-console-2.3.0/lib/web_console/templates/_prompt_box_markup.html.erb within layouts/inlined_string (0.4ms)
  Rendered /usr/local/lib/ruby/gems/2.3.0/gems/web-console-2.3.0/lib/web_console/templates/style.css.erb within layouts/inlined_string (0.8ms)
  Rendered /usr/local/lib/ruby/gems/2.3.0/gems/web-console-2.3.0/lib/web_console/templates/console.js.erb within layouts/javascript (62.3ms)
  Rendered /usr/local/lib/ruby/gems/2.3.0/gems/web-console-2.3.0/lib/web_console/templates/main.js.erb within layouts/javascript (0.3ms)
  Rendered /usr/local/lib/ruby/gems/2.3.0/gems/web-console-2.3.0/lib/web_console/templates/error_page.js.erb within layouts/javascript (0.3ms)
  Rendered /usr/local/lib/ruby/gems/2.3.0/gems/web-console-2.3.0/lib/web_console/templates/index.html.erb (131.5ms)


Started GET "/" for ::1 at 2016-03-20 17:56:49 -0700
Processing by RecipesController#index as HTML
  Rendered recipes/index.html.erb within layouts/application (1.2ms)
Completed 500 Internal Server Error in 1284ms (ActiveRecord: 0.0ms)

SyntaxError (/Users/kevinjesse/RubymineProjects/Asg2/recipefinder/app/views/recipes/index.html.erb:3: syntax error, unexpected =>, expecting '}'
... recipes_index_path {:search => 'name'});@output_buffer.safe...
...                               ^):
  app/views/recipes/index.html.erb:3: syntax error, unexpected =>, expecting '}'


  Rendered /usr/local/lib/ruby/gems/2.3.0/gems/actionpack-4.2.6/lib/action_dispatch/middleware/templates/rescues/_source.erb (7.9ms)
  Rendered /usr/local/lib/ruby/gems/2.3.0/gems/actionpack-4.2.6/lib/action_dispatch/middleware/templates/rescues/_trace.html.erb (4.7ms)
  Rendered /usr/local/lib/ruby/gems/2.3.0/gems/actionpack-4.2.6/lib/action_dispatch/middleware/templates/rescues/_request_and_response.html.erb (0.9ms)
  Rendered /usr/local/lib/ruby/gems/2.3.0/gems/actionpack-4.2.6/lib/action_dispatch/middleware/templates/rescues/diagnostics.html.erb within rescues/layout (74.2ms)
  Rendered /usr/local/lib/ruby/gems/2.3.0/gems/web-console-2.3.0/lib/web_console/templates/_markup.html.erb (0.4ms)
  Rendered /usr/local/lib/ruby/gems/2.3.0/gems/web-console-2.3.0/lib/web_console/templates/_inner_console_markup.html.erb within layouts/inlined_string (0.4ms)
  Rendered /usr/local/lib/ruby/gems/2.3.0/gems/web-console-2.3.0/lib/web_console/templates/_prompt_box_markup.html.erb within layouts/inlined_string (0.3ms)
  Rendered /usr/local/lib/ruby/gems/2.3.0/gems/web-console-2.3.0/lib/web_console/templates/style.css.erb within layouts/inlined_string (0.4ms)
  Rendered /usr/local/lib/ruby/gems/2.3.0/gems/web-console-2.3.0/lib/web_console/templates/console.js.erb within layouts/javascript (62.0ms)
  Rendered /usr/local/lib/ruby/gems/2.3.0/gems/web-console-2.3.0/lib/web_console/templates/main.js.erb within layouts/javascript (0.3ms)
  Rendered /usr/local/lib/ruby/gems/2.3.0/gems/web-console-2.3.0/lib/web_console/templates/error_page.js.erb within layouts/javascript (0.5ms)
  Rendered /usr/local/lib/ruby/gems/2.3.0/gems/web-console-2.3.0/lib/web_console/templates/index.html.erb (130.3ms)


Started GET "/" for ::1 at 2016-03-20 17:57:02 -0700
Processing by RecipesController#index as HTML
  Rendered recipes/index.html.erb within layouts/application (3.2ms)
Completed 200 OK in 936ms (Views: 21.8ms | ActiveRecord: 0.0ms)


Started GET "/recipes/index?utf8=%E2%9C%93&q=&commit=Search" for ::1 at 2016-03-20 17:57:11 -0700
Processing by RecipesController#index as HTML
  Parameters: {"utf8"=>"✓", "q"=>"", "commit"=>"Search"}
  Rendered recipes/index.html.erb within layouts/application (3.2ms)
Completed 200 OK in 955ms (Views: 20.7ms | ActiveRecord: 0.0ms)


Started GET "/recipes/index?utf8=%E2%9C%93&search=blueberry&commit=Search" for ::1 at 2016-03-20 17:58:55 -0700
Processing by RecipesController#index as HTML
  Parameters: {"utf8"=>"✓", "search"=>"blueberry", "commit"=>"Search"}
  Rendered recipes/index.html.erb within layouts/application (3.9ms)
Completed 200 OK in 1217ms (Views: 22.4ms | ActiveRecord: 0.0ms)


Started GET "/" for ::1 at 2016-03-20 17:59:30 -0700
Processing by RecipesController#index as HTML
  Rendered recipes/index.html.erb within layouts/application (2.6ms)
Completed 200 OK in 1068ms (Views: 18.3ms | ActiveRecord: 0.0ms)


Started GET "/recipes/index?utf8=%E2%9C%93&q=blueberry&commit=Search" for ::1 at 2016-03-20 17:59:39 -0700
Processing by RecipesController#index as HTML
  Parameters: {"utf8"=>"✓", "q"=>"blueberry", "commit"=>"Search"}
  Rendered recipes/index.html.erb within layouts/application (2.8ms)
Completed 200 OK in 746ms (Views: 18.9ms | ActiveRecord: 0.0ms)


Started GET "/" for ::1 at 2016-03-20 18:00:00 -0700
Processing by RecipesController#index as HTML
  Rendered recipes/index.html.erb within layouts/application (3.0ms)
Completed 200 OK in 1466ms (Views: 20.6ms | ActiveRecord: 0.0ms)


Started GET "/" for ::1 at 2016-03-20 18:00:02 -0700
Processing by RecipesController#index as HTML
  Rendered recipes/index.html.erb within layouts/application (2.9ms)
Completed 200 OK in 916ms (Views: 21.0ms | ActiveRecord: 0.0ms)


Started GET "/recipes/index?utf8=%E2%9C%93&search=berry&commit=Search" for ::1 at 2016-03-20 18:00:13 -0700
Processing by RecipesController#index as HTML
  Parameters: {"utf8"=>"✓", "search"=>"berry", "commit"=>"Search"}
  Rendered recipes/index.html.erb within layouts/application (2.8ms)
Completed 200 OK in 704ms (Views: 26.0ms | ActiveRecord: 0.0ms)


Started GET "/" for ::1 at 2016-03-20 18:00:58 -0700
Processing by RecipesController#index as HTML
  Rendered recipes/index.html.erb within layouts/application (32.4ms)
Completed 500 Internal Server Error in 1007ms (ActiveRecord: 0.0ms)

ActionView::Template::Error (undefined local variable or method `recipes_index' for #<#<Class:0x007fdc79e21ff0>:0x007fdc7581d130>
Did you mean?  recipes_index_url):
    1: <!--# Written by Kevin Jesse for Coursera.org-->
    2: 
    3: <h1>
    4:   <%= form_tag(recipes_index, method: "get") do %>
    5:       <%= label_tag(:search, "Search for:") %>
    6:       <%= text_field_tag(:search) %>
    7:       <%= submit_tag("Search") %>
  app/views/recipes/index.html.erb:4:in `_app_views_recipes_index_html_erb__893615467734449534_70292440341940'


  Rendered /usr/local/lib/ruby/gems/2.3.0/gems/actionpack-4.2.6/lib/action_dispatch/middleware/templates/rescues/_source.erb (6.7ms)
  Rendered /usr/local/lib/ruby/gems/2.3.0/gems/actionpack-4.2.6/lib/action_dispatch/middleware/templates/rescues/_trace.html.erb (5.7ms)
  Rendered /usr/local/lib/ruby/gems/2.3.0/gems/actionpack-4.2.6/lib/action_dispatch/middleware/templates/rescues/_request_and_response.html.erb (0.8ms)
  Rendered /usr/local/lib/ruby/gems/2.3.0/gems/actionpack-4.2.6/lib/action_dispatch/middleware/templates/rescues/template_error.html.erb within rescues/layout (66.0ms)
  Rendered /usr/local/lib/ruby/gems/2.3.0/gems/web-console-2.3.0/lib/web_console/templates/_markup.html.erb (0.9ms)
  Rendered /usr/local/lib/ruby/gems/2.3.0/gems/web-console-2.3.0/lib/web_console/templates/_inner_console_markup.html.erb within layouts/inlined_string (0.4ms)
  Rendered /usr/local/lib/ruby/gems/2.3.0/gems/web-console-2.3.0/lib/web_console/templates/_prompt_box_markup.html.erb within layouts/inlined_string (0.4ms)
  Rendered /usr/local/lib/ruby/gems/2.3.0/gems/web-console-2.3.0/lib/web_console/templates/style.css.erb within layouts/inlined_string (0.4ms)
  Rendered /usr/local/lib/ruby/gems/2.3.0/gems/web-console-2.3.0/lib/web_console/templates/console.js.erb within layouts/javascript (55.2ms)
  Rendered /usr/local/lib/ruby/gems/2.3.0/gems/web-console-2.3.0/lib/web_console/templates/main.js.erb within layouts/javascript (0.3ms)
  Rendered /usr/local/lib/ruby/gems/2.3.0/gems/web-console-2.3.0/lib/web_console/templates/error_page.js.erb within layouts/javascript (0.5ms)
  Rendered /usr/local/lib/ruby/gems/2.3.0/gems/web-console-2.3.0/lib/web_console/templates/index.html.erb (131.2ms)


Started GET "/" for ::1 at 2016-03-20 18:00:59 -0700
Processing by RecipesController#index as HTML
  Rendered recipes/index.html.erb within layouts/application (38.8ms)
Completed 500 Internal Server Error in 739ms (ActiveRecord: 0.0ms)

ActionView::Template::Error (undefined local variable or method `recipes_index' for #<#<Class:0x007fdc79e21ff0>:0x007fdc737c0018>
Did you mean?  recipes_index_url):
    1: <!--# Written by Kevin Jesse for Coursera.org-->
    2: 
    3: <h1>
    4:   <%= form_tag(recipes_index, method: "get") do %>
    5:       <%= label_tag(:search, "Search for:") %>
    6:       <%= text_field_tag(:search) %>
    7:       <%= submit_tag("Search") %>
  app/views/recipes/index.html.erb:4:in `_app_views_recipes_index_html_erb__893615467734449534_70292440341940'


  Rendered /usr/local/lib/ruby/gems/2.3.0/gems/actionpack-4.2.6/lib/action_dispatch/middleware/templates/rescues/_source.erb (7.3ms)
  Rendered /usr/local/lib/ruby/gems/2.3.0/gems/actionpack-4.2.6/lib/action_dispatch/middleware/templates/rescues/_trace.html.erb (2.9ms)
  Rendered /usr/local/lib/ruby/gems/2.3.0/gems/actionpack-4.2.6/lib/action_dispatch/middleware/templates/rescues/_request_and_response.html.erb (0.9ms)
  Rendered /usr/local/lib/ruby/gems/2.3.0/gems/actionpack-4.2.6/lib/action_dispatch/middleware/templates/rescues/template_error.html.erb within rescues/layout (67.7ms)
  Rendered /usr/local/lib/ruby/gems/2.3.0/gems/web-console-2.3.0/lib/web_console/templates/_markup.html.erb (0.4ms)
  Rendered /usr/local/lib/ruby/gems/2.3.0/gems/web-console-2.3.0/lib/web_console/templates/_inner_console_markup.html.erb within layouts/inlined_string (0.4ms)
  Rendered /usr/local/lib/ruby/gems/2.3.0/gems/web-console-2.3.0/lib/web_console/templates/_prompt_box_markup.html.erb within layouts/inlined_string (0.3ms)
  Rendered /usr/local/lib/ruby/gems/2.3.0/gems/web-console-2.3.0/lib/web_console/templates/style.css.erb within layouts/inlined_string (0.3ms)
  Rendered /usr/local/lib/ruby/gems/2.3.0/gems/web-console-2.3.0/lib/web_console/templates/console.js.erb within layouts/javascript (58.0ms)
  Rendered /usr/local/lib/ruby/gems/2.3.0/gems/web-console-2.3.0/lib/web_console/templates/main.js.erb within layouts/javascript (0.5ms)
  Rendered /usr/local/lib/ruby/gems/2.3.0/gems/web-console-2.3.0/lib/web_console/templates/error_page.js.erb within layouts/javascript (0.5ms)
  Rendered /usr/local/lib/ruby/gems/2.3.0/gems/web-console-2.3.0/lib/web_console/templates/index.html.erb (128.1ms)


Started GET "/" for ::1 at 2016-03-20 18:01:44 -0700
Processing by RecipesController#index as HTML
  Rendered recipes/index.html.erb within layouts/application (3.6ms)
Completed 200 OK in 1199ms (Views: 21.2ms | ActiveRecord: 0.0ms)


Started GET "/recipes/index?utf8=%E2%9C%93&search=berry&commit=Search" for ::1 at 2016-03-20 18:01:52 -0700
Processing by RecipesController#index as HTML
  Parameters: {"utf8"=>"✓", "search"=>"berry", "commit"=>"Search"}
  Rendered recipes/index.html.erb within layouts/application (2.7ms)
Completed 200 OK in 804ms (Views: 19.2ms | ActiveRecord: 0.0ms)


Started GET "/recipes/index?utf8=%E2%9C%93&search=pancakes&commit=Search" for ::1 at 2016-03-20 18:02:04 -0700
Processing by RecipesController#index as HTML
  Parameters: {"utf8"=>"✓", "search"=>"pancakes", "commit"=>"Search"}
  Rendered recipes/index.html.erb within layouts/application (3.6ms)
Completed 200 OK in 916ms (Views: 22.0ms | ActiveRecord: 0.0ms)
